{"ip":"::ffff:127.0.0.1","level":"error","message":"Tentativa de acesso negado: o token não foi encontrado no cookie.","timestamp":"2025-10-28T21:14:02.245Z"}
{"ip":"::ffff:127.0.0.1","level":"error","message":"Tentativa de acesso negado: o token não foi encontrado no cookie.","timestamp":"2025-10-28T21:16:06.775Z"}
{"ip":"::ffff:127.0.0.1","level":"error","message":"Tentativa de acesso negado: o token não foi encontrado no cookie.","timestamp":"2025-10-28T21:17:28.511Z"}
{"ip":"::ffff:127.0.0.1","level":"error","message":"Tentativa de acesso negado: o token não foi encontrado no cookie.","timestamp":"2025-10-28T21:18:00.121Z"}
{"ip":"::ffff:127.0.0.1","level":"error","message":"Tentativa de acesso negado: o token não foi encontrado no cookie.","timestamp":"2025-10-28T21:21:25.007Z"}
{"ip":"::ffff:127.0.0.1","level":"error","message":"Tentativa de acesso negado: o token não foi encontrado no cookie.","timestamp":"2025-10-28T21:21:56.778Z"}
{"ip":"::ffff:127.0.0.1","level":"error","message":"Tentativa de acesso negado: o token não foi encontrado no cookie.","timestamp":"2025-10-28T21:24:46.416Z"}
{"ip":"::ffff:127.0.0.1","level":"error","message":"Tentativa de acesso negado: o token não foi encontrado no cookie.","timestamp":"2025-10-28T21:25:13.450Z"}
{"ip":"::ffff:127.0.0.1","level":"error","message":"Tentativa de acesso negado: o token não foi encontrado no cookie.","timestamp":"2025-10-28T21:25:21.601Z"}
{"ip":"::ffff:127.0.0.1","level":"error","message":"Tentativa de acesso negado: o token não foi encontrado no cookie.","timestamp":"2025-10-29T11:33:43.488Z"}
{"level":"error","message":"this is a error message","timestamp":"01-11-2025 13:38:18"}
{"level":"error","message":"this is a error message","timestamp":"01-11-2025 13:40:37"}
{"level":"error","message":"this is a error message","timestamp":"01-11-2025 14:08:10"}
{"level":"error","message":"this is a error message","timestamp":"01-11-2025 14:08:42"}
{"level":"error","message":"this is a error message","timestamp":"01-11-2025 14:08:47"}
{"level":"error","message":"this is a error message","timestamp":"01-11-2025 14:09:52"}
{"level":"error","message":"this is a error message","timestamp":"01-11-2025 14:11:29"}
{"level":"error","message":"this is a error message","timestamp":"01-11-2025 14:11:33"}
{"level":"error","message":"this is a error message","timestamp":"01-11-2025 14:11:34"}
{"level":"error","message":"this is a error message","timestamp":"01-11-2025 14:13:35"}
{"level":"error","message":"this is a error message","timestamp":"01-11-2025 14:14:36"}
{"level":"error","message":"this is a error message","timestamp":"01-11-2025 14:14:51"}
{"level":"error","message":"this is a error message","timestamp":"01-11-2025 14:17:36"}
{"level":"error","message":"this is a error message","timestamp":"01-11-2025 14:17:43"}
{"level":"error","message":"this is a error message","timestamp":"01-11-2025 14:17:45"}
{"level":"error","message":"this is a error message","timestamp":"01-11-2025 14:18:32"}
{"level":"error","message":"this is a error message","timestamp":"01-11-2025 14:21:45"}
{"level":"error","message":"this is a error message","timestamp":"01-11-2025 14:31:31"}
{"level":"error","message":"this is a error message","timestamp":"01-11-2025 14:31:51"}
{"level":"error","message":"this is a error message","timestamp":"01-11-2025 14:31:54"}
{"level":"error","message":"this is a error message","timestamp":"01-11-2025 14:32:11"}
{"level":"error","message":"this is a error message","timestamp":"01-11-2025 14:32:43"}
{"level":"error","message":"this is a error message","timestamp":"01-11-2025 14:33:30"}
{"level":"error","message":"this is a error message","timestamp":"2025-11-01 14:38:08"}
{"level":"error","message":"this is a error message","timestamp":"2025-11-01 14:38:57"}
{"ip":"::1","level":"error","message":"Tentativa de acesso negado: o token não foi encontrado no cookie.","timestamp":"2025-11-10 10:48:08"}
{"ip":"::1","level":"error","message":"Tentativa de acesso negado: o token não foi encontrado no cookie.","timestamp":"2025-11-10 10:56:22"}
{"ip":"::1","level":"error","message":"Tentativa de acesso negado: o token não foi encontrado no cookie.","timestamp":"2025-11-10 10:57:02"}
{"ip":"::1","level":"error","message":"Tentativa de acesso negado: o token não foi encontrado no cookie.","timestamp":"2025-11-10 10:59:04"}
{"ip":"::1","level":"error","message":"Tentativa de acesso negado: o token não foi encontrado no cookie.","timestamp":"2025-11-10 11:02:00"}
{"ip":"::1","level":"error","message":"Tentativa de acesso negado: o token não foi encontrado no cookie.","timestamp":"2025-11-10 11:09:10"}
{"ip":"::1","level":"error","message":"Tentativa de acesso negado: o token não foi encontrado no cookie.","timestamp":"2025-11-10 11:17:43"}
{"ip":"::1","level":"error","message":"Tentativa de acesso negado: o token não foi encontrado no cookie.","timestamp":"2025-11-10 11:39:17"}
{"ip":"::1","level":"error","message":"Tentativa de acesso negado: o token não foi encontrado no cookie.","timestamp":"2025-11-10 11:40:07"}
{"ip":"::1","level":"error","message":"Tentativa de acesso negado: o token não foi encontrado no cookie.","timestamp":"2025-11-10 11:41:48"}
{"ip":"::1","level":"error","message":"Tentativa de acesso negado: o token não foi encontrado no cookie.","timestamp":"2025-11-10 11:43:02"}
{"ip":"::ffff:127.0.0.1","level":"error","message":"Tentativa de acesso negado: o token não foi encontrado no cookie.","timestamp":"2025-11-10 11:54:46"}
{"level":"error","message":"Erro no login: Table 'defaultdb.usuario' doesn't exist","name":"SequelizeDatabaseError","original":{"code":"ER_NO_SUCH_TABLE","errno":1146,"sql":"SELECT `id_usuario`, `email`, `senha`, `nome_completo`, `registro`, `cargo`, `area`, `tipo_usuario` FROM `usuario` AS `Usuario` WHERE `Usuario`.`email` = 'pedro.brasil@gmail.com';","sqlMessage":"Table 'defaultdb.usuario' doesn't exist","sqlState":"42S02"},"parameters":{},"parent":{"code":"ER_NO_SUCH_TABLE","errno":1146,"sql":"SELECT `id_usuario`, `email`, `senha`, `nome_completo`, `registro`, `cargo`, `area`, `tipo_usuario` FROM `usuario` AS `Usuario` WHERE `Usuario`.`email` = 'pedro.brasil@gmail.com';","sqlMessage":"Table 'defaultdb.usuario' doesn't exist","sqlState":"42S02"},"sql":"SELECT `id_usuario`, `email`, `senha`, `nome_completo`, `registro`, `cargo`, `area`, `tipo_usuario` FROM `usuario` AS `Usuario` WHERE `Usuario`.`email` = 'pedro.brasil@gmail.com';","stack":"Error\n    at Query.run (C:\\Users\\Admin\\Downloads\\trilho-do-conhecimento\\node_modules\\sequelize\\lib\\dialects\\mysql\\query.js:52:25)\n    at C:\\Users\\Admin\\Downloads\\trilho-do-conhecimento\\node_modules\\sequelize\\lib\\sequelize.js:315:28\n    at process.processTicksAndRejections (node:internal/process/task_queues:105:5)\n    at async MySQLQueryInterface.select (C:\\Users\\Admin\\Downloads\\trilho-do-conhecimento\\node_modules\\sequelize\\lib\\dialects\\abstract\\query-interface.js:407:12)\n    at async Usuario.findAll (C:\\Users\\Admin\\Downloads\\trilho-do-conhecimento\\node_modules\\sequelize\\lib\\model.js:1140:21)\n    at async Usuario.findOne (C:\\Users\\Admin\\Downloads\\trilho-do-conhecimento\\node_modules\\sequelize\\lib\\model.js:1240:12)\n    at async Object.validarLogin (C:\\Users\\Admin\\Downloads\\trilho-do-conhecimento\\backend\\DAO\\UsuarioDAO.js:41:25)\n    at async C:\\Users\\Admin\\Downloads\\trilho-do-conhecimento\\backend\\routes\\usuarioRoutes.js:43:25","timestamp":"2025-11-10 19:22:16"}
{"level":"error","message":"Erro no login: Cannot read properties of undefined (reading 'toLowerCase')","stack":"TypeError: Cannot read properties of undefined (reading 'toLowerCase')\n    at C:\\Users\\Admin\\Downloads\\trilho-do-conhecimento\\backend\\routes\\usuarioRoutes.js:67:107","timestamp":"2025-11-10 19:43:37"}
{"level":"error","message":"Usuário não encontrado (404).","timestamp":"2025-11-10 21:13:33"}
{"level":"error","message":"Usuário não encontrado (404).","timestamp":"2025-11-10 21:18:56"}
{"level":"error","message":"Usuário não encontrado (404).","timestamp":"2025-11-10 21:19:49"}
{"level":"error","message":"Usuário não encontrado (404).","timestamp":"2025-11-10 21:20:16"}
{"level":"error","message":"Usuário não encontrado (404).","timestamp":"2025-11-10 21:27:37"}
{"level":"error","message":"Usuário não encontrado (404).","timestamp":"2025-11-10 21:28:49"}
{"level":"error","message":"Usuário não encontrado (404).","timestamp":"2025-11-10 21:31:57"}
{"level":"error","message":"Usuário não encontrado (404).","timestamp":"2025-11-10 22:16:47"}
{"level":"error","message":"Usuário não encontrado (404).","timestamp":"2025-11-10 22:16:51"}
